<?xml version="1.0" encoding="UTF-8"?>
<robot generator="Robot 4.0.3 (Python 3.9.5 on win32)" generated="20210715 14:35:55.114" rpa="false" schemaversion="2">
<suite id="s1" name="Tiket" source="D:\eva\test\selenium\1\robotframework_project\tiket.robot">
<test id="s1-t1" name="login to tiketdotcom">
<kw name="go to website tiketdotcom">
<kw name="Open Browser" library="Selenium2Library">
<arg>${url}</arg>
<arg>${browser}</arg>
<doc>Opens a new browser instance to the optional ``url``.</doc>
<msg timestamp="20210715 14:35:55.680" level="INFO">Opening browser 'chrome' to base url 'https://www.tiket.com/'.</msg>
<status status="PASS" starttime="20210715 14:35:55.679" endtime="20210715 14:36:02.418"/>
</kw>
<kw name="Maximize Browser Window" library="Selenium2Library">
<doc>Maximizes current browser window.</doc>
<status status="PASS" starttime="20210715 14:36:02.418" endtime="20210715 14:36:02.597"/>
</kw>
<status status="PASS" starttime="20210715 14:35:55.679" endtime="20210715 14:36:02.597"/>
</kw>
<kw name="go to halaman login">
<kw name="Click Element" library="Selenium2Library">
<arg>${menu_login}</arg>
<doc>Click the element identified by ``locator``.</doc>
<msg timestamp="20210715 14:36:02.604" level="INFO">Clicking element 'xpath=//a[contains(text(),'Login')]'.</msg>
<status status="PASS" starttime="20210715 14:36:02.604" endtime="20210715 14:36:04.821"/>
</kw>
<status status="PASS" starttime="20210715 14:36:02.603" endtime="20210715 14:36:04.822"/>
</kw>
<kw name="fill form login">
<kw name="Input Text" library="Selenium2Library">
<arg>${user_name}</arg>
<arg>evasimangunsong09@gmail.com</arg>
<doc>Types the given ``text`` into the text field identified by ``locator``.</doc>
<msg timestamp="20210715 14:36:04.824" level="INFO">Typing text 'evasimangunsong09@gmail.com' into text field 'xpath=//*[@id="app"]/div/div[2]/div/div/div/div/div[3]/div[2]/div/div/div/div/div[1]/div[3]/div/div/input'.</msg>
<status status="PASS" starttime="20210715 14:36:04.823" endtime="20210715 14:36:05.062"/>
</kw>
<kw name="Click Button" library="Selenium2Library">
<arg>${btn_lanjut}</arg>
<doc>Clicks the button identified by ``locator``.</doc>
<msg timestamp="20210715 14:36:05.062" level="INFO">Clicking button 'xpath=//button[contains(text(),'Lanjutkan')]'.</msg>
<status status="PASS" starttime="20210715 14:36:05.062" endtime="20210715 14:36:05.162"/>
</kw>
<kw name="Is Visible">
<var>${popup}</var>
<arg>${START_HERE_BUTTON}</arg>
<msg timestamp="20210715 14:36:05.169" level="FAIL">No keyword with name 'Is Visible' found.</msg>
<status status="FAIL" starttime="20210715 14:36:05.169" endtime="20210715 14:36:05.169"/>
</kw>
<kw name="Log" library="BuiltIn">
<arg>@{popup}</arg>
<doc>Logs the given message with the given level.</doc>
<status status="NOT RUN" starttime="20210715 14:36:05.170" endtime="20210715 14:36:05.170"/>
</kw>
<status status="FAIL" starttime="20210715 14:36:04.823" endtime="20210715 14:36:05.170"/>
</kw>
<kw name="//close current browser">
<status status="NOT RUN" starttime="20210715 14:36:05.178" endtime="20210715 14:36:05.178"/>
</kw>
<status status="FAIL" starttime="20210715 14:35:55.678" endtime="20210715 14:36:05.179">No keyword with name 'Is Visible' found.</status>
</test>
<status status="FAIL" starttime="20210715 14:35:55.117" endtime="20210715 14:36:05.181"/>
</suite>
<statistics>
<total>
<stat pass="0" fail="1" skip="0">All Tests</stat>
</total>
<tag>
</tag>
<suite>
<stat pass="0" fail="1" skip="0" id="s1" name="Tiket">Tiket</stat>
</suite>
</statistics>
<errors>
</errors>
</robot>
